d:\github\c-\c语言课设——商品库存管理系统\c语言课设——商品库存管理系统\x64\release\vc145.pdb
d:\github\c-\c语言课设——商品库存管理系统\c语言课设——商品库存管理系统\x64\release\util.obj
d:\github\c-\c语言课设——商品库存管理系统\c语言课设——商品库存管理系统\x64\release\product_common.obj
d:\github\c-\c语言课设——商品库存管理系统\c语言课设——商品库存管理系统\x64\release\main.obj
d:\github\c-\c语言课设——商品库存管理系统\c语言课设——商品库存管理系统\x64\release\showpro.obj
d:\github\c-\c语言课设——商品库存管理系统\c语言课设——商品库存管理系统\x64\release\searchpro.obj
d:\github\c-\c语言课设——商品库存管理系统\c语言课设——商品库存管理系统\x64\release\outputpro.obj
d:\github\c-\c语言课设——商品库存管理系统\c语言课设——商品库存管理系统\x64\release\modifypro.obj
d:\github\c-\c语言课设——商品库存管理系统\c语言课设——商品库存管理系统\x64\release\inputpro.obj
d:\github\c-\c语言课设——商品库存管理系统\c语言课设——商品库存管理系统\x64\release\deletepro.obj
d:\github\c-\c语言课设——商品库存管理系统\x64\release\c语言课设——商品库存管理系统.exe
d:\github\c-\c语言课设——商品库存管理系统\x64\release\c语言课设——商品库存管理系统.pdb
d:\github\c-\c语言课设——商品库存管理系统\c语言课设——商品库存管理系统\x64\release\c语言课设——商品库存管理系统.ipdb
d:\github\c-\c语言课设——商品库存管理系统\c语言课设——商品库存管理系统\x64\release\c语言课设——商品库存管理系统.iobj
d:\github\c-\c语言课设——商品库存管理系统\c语言课设——商品库存管理系统\x64\release\c语言课设——商品库存管理系统.tlog\cl.command.1.tlog
d:\github\c-\c语言课设——商品库存管理系统\c语言课设——商品库存管理系统\x64\release\c语言课设——商品库存管理系统.tlog\cl.items.tlog
d:\github\c-\c语言课设——商品库存管理系统\c语言课设——商品库存管理系统\x64\release\c语言课设——商品库存管理系统.tlog\cl.read.1.tlog
d:\github\c-\c语言课设——商品库存管理系统\c语言课设——商品库存管理系统\x64\release\c语言课设——商品库存管理系统.tlog\cl.write.1.tlog
d:\github\c-\c语言课设——商品库存管理系统\c语言课设——商品库存管理系统\x64\release\c语言课设——商品库存管理系统.tlog\link.command.1.tlog
d:\github\c-\c语言课设——商品库存管理系统\c语言课设——商品库存管理系统\x64\release\c语言课设——商品库存管理系统.tlog\link.read.1.tlog
d:\github\c-\c语言课设——商品库存管理系统\c语言课设——商品库存管理系统\x64\release\c语言课设——商品库存管理系统.tlog\link.secondary.1.tlog
d:\github\c-\c语言课设——商品库存管理系统\c语言课设——商品库存管理系统\x64\release\c语言课设——商品库存管理系统.tlog\link.write.1.tlog
